#
# A fatal error has been detected by the Java Runtime Environment:
#
#  EXCEPTION_ACCESS_VIOLATION (0xc0000005) at pc=0x0000000800000630, pid=2764, tid=10640
#
# JRE version: OpenJDK Runtime Environment Corretto-17.0.6.10.1 (17.0.6+10) (build 17.0.6+10-LTS)
# Java VM: OpenJDK 64-Bit Server VM Corretto-17.0.6.10.1 (17.0.6+10-LTS, mixed mode, emulated-client, sharing, tiered, compressed oops, compressed class ptrs, g1 gc, windows-amd64)
# Problematic frame:
# C  0x0000000800000630
#
# No core dump will be written. Minidumps are not enabled by default on client versions of Windows
#
# If you would like to submit a bug report, please visit:
#   https://github.com/corretto/corretto-17/issues/
#

---------------  S U M M A R Y ------------

Command Line: -XX:TieredStopAtLevel=1 -Dspring.output.ansi.enabled=always -Dcom.sun.management.jmxremote -Dspring.jmx.enabled=true -Dspring.liveBeansView.mbeanDomain -Dspring.application.admin.enabled=true -Dmanagement.endpoints.jmx.exposure.include=* -javaagent:C:\Program Files\JetBrains\IntelliJ IDEA 2022.3.1\lib\idea_rt.jar=3259:C:\Program Files\JetBrains\IntelliJ IDEA 2022.3.1\bin -Dfile.encoding=UTF-8 com.savenkov.pp_3_1_5_boot_security_rest.Pp315BootSecurityRestApplication

Host: Intel(R) Core(TM) i5-6200U CPU @ 2.30GHz, 4 cores, 5G,  Windows 10 , 64 bit Build 17763 (10.0.17763.475)
Time: Fri Mar  3 19:32:22 2023 RTZ 2 (çèìà) elapsed time: 1767.634730 seconds (0d 0h 29m 27s)

---------------  T H R E A D  ---------------

Current thread (0x000002e0d4179060):  JavaThread "HikariPool-1 connection adder" daemon [_thread_in_Java, id=10640, stack(0x000000ef6da00000,0x000000ef6db00000)]

Stack: [0x000000ef6da00000,0x000000ef6db00000],  sp=0x000000ef6dafeb78,  free space=1018k
Native frames: (J=compiled Java code, j=interpreted, Vv=VM code, C=native code)
C  0x0000000800000630


siginfo: EXCEPTION_ACCESS_VIOLATION (0xc0000005), data execution prevention violation at address 0x0000000800000630


Register to memory mapping:

RIP=0x0000000800000630 is pointing into metadata
RAX=0x00000000a2a169c8 is an oop: java.lang.invoke.DirectMethodHandle$Constructor 
{0x00000000a2a169c8} - klass: 'java/lang/invoke/DirectMethodHandle$Constructor'
 - ---- fields (total size 5 words):
 - private 'customizationCount' 'B' @12  0
 - private volatile 'updateInProgress' 'Z' @13  false
 - private final 'type' 'Ljava/lang/invoke/MethodType;' @16  a 'java/lang/invoke/MethodType'{0x00000000a2a169f0} = (Lcom/mysql/cj/protocol/a/authentication/AuthenticationLdapSaslClientPlugin;)Ljavax/security/auth/callback/CallbackHandler; (a2a169f0)
 - final 'form' 'Ljava/lang/invoke/LambdaForm;' @20  a 'java/lang/invoke/LambdaForm'{0x00000000a1d2f998} => a 'java/lang/invoke/MemberName'{0x00000000a1d2fb00} = {method} {0x00000008000e3388} 'newInvokeSpecial' '(Ljava/lang/Object;Ljava/lang/Object;)Ljava/lang/Object;' in 'java/lang/invoke/DirectMethodHandle$Holder' (a1d2f998)
 - 'asTypeCache' 'Ljava/lang/invoke/MethodHandle;' @24  NULL (0)
 - final 'crackable' 'Z' @14  false
 - final 'member' 'Ljava/lang/invoke/MemberName;' @28  a 'java/lang/invoke/MemberName'{0x00000000a2a16a30} = {method} {0x000002e0d5d1c328} '<init>' '(Lcom/mysql/cj/protocol/a/authentication/AuthenticationLdapSaslClientPlugin;)V' in 'com/mysql/cj/protocol/a/authentication/AuthenticationLdapSaslClientPlugin$$Lambda$728+0x00000008010fbdd8' (a2a16a30)
 - final 'initMethod' 'Ljava/lang/invoke/MemberName;' @32  a 'java/lang/invoke/MemberName'{0x00000000a2a16b18} = {method} {0x000002e0d5d1c328} '<init>' '(Lcom/mysql/cj/protocol/a/authentication/AuthenticationLdapSaslClientPlugin;)V' in 'com/mysql/cj/protocol/a/authentication/AuthenticationLdapSaslClientPlugin$$Lambda$728+0x00000008010fbdd8' (a2a16b18)
 - final 'instanceClass' 'Ljava/lang/Class;' @36  a 'java/lang/Class'{0x00000000a29fcea8} = 'com/mysql/cj/protocol/a/authentication/AuthenticationLdapSaslClientPlugin$$Lambda$728+0x00000008010fbdd8' (a29fcea8)
RBX=0x00000008000e38d0 is pointing into metadata
RCX=0x000002e0d5d1b7e8 is pointing into metadata
RDX=0x000002e0c13a99f8 is at code_begin+280 in an Interpreter codelet
invoke return entry points  [0x000002e0c13a98e0, 0x000002e0c13a9aa0]  448 bytes
RSP=0x000000ef6dafeb78 is pointing into the stack for thread: 0x000002e0d4179060
RBP=0x000000ef6dafebe0 is pointing into the stack for thread: 0x000002e0d4179060
RSI=0x0000000010200021 is an unknown value
RDI=0x00000000a667f1d0 is an oop: com.mysql.cj.protocol.a.authentication.AuthenticationLdapSaslClientPlugin 
{0x00000000a667f1d0} - klass: 'com/mysql/cj/protocol/a/authentication/AuthenticationLdapSaslClientPlugin'
 - ---- fields (total size 6 words):
 - private 'firstPass' 'Z' @12  true
 - private 'protocol' 'Lcom/mysql/cj/protocol/Protocol;' @16  NULL (0)
 - private 'usernameCallbackHandler' 'Lcom/mysql/cj/callback/MysqlCallbackHandler;' @20  NULL (0)
 - private 'user' 'Ljava/lang/String;' @24  NULL (0)
 - private 'password' 'Ljava/lang/String;' @28  NULL (0)
 - private 'authMech' 'Lcom/mysql/cj/protocol/a/authentication/AuthenticationLdapSaslClientPlugin$AuthenticationMechanisms;' @32  NULL (0)
 - private 'saslClient' 'Ljavax/security/sasl/SaslClient;' @36  NULL (0)
 - private 'subject' 'Ljavax/security/auth/Subject;' @40  NULL (0)
 - private 'credentialsCallbackHandler' 'Ljavax/security/auth/callback/CallbackHandler;' @44  NULL (0)
R8 =0x0000000000000a66 is an unknown value
R9 =0x00000000a667f188 is an oop: java.util.LinkedList$Node 
{0x00000000a667f188} - klass: 'java/util/LinkedList$Node'
 - ---- fields (total size 3 words):
 - 'item' 'Ljava/lang/Object;' @12  a 'com/mysql/cj/protocol/a/authentication/CachingSha2PasswordPlugin'{0x00000000a667f158} (a667f158)
 - 'next' 'Ljava/util/LinkedList$Node;' @16  a 'java/util/LinkedList$Node'{0x00000000a667f1b8} (a667f1b8)
 - 'prev' 'Ljava/util/LinkedList$Node;' @20  a 'java/util/LinkedList$Node'{0x00000000a667f140} (a667f140)
R10=0x00007ffec5152850 jvm.dll
R11=0x000002e0c1b948c0 is at entry_point+32 in (nmethod*)0x000002e0c1b94710
R12=0x0 is NULL
R13=0x000000ef6dafeb80 is pointing into the stack for thread: 0x000002e0d4179060
R14=0x000000ef6dafebf0 is pointing into the stack for thread: 0x000002e0d4179060
R15=0x000002e0d4179060 is a thread


Registers:
RAX=0x00000000a2a169c8, RBX=0x00000008000e38d0, RCX=0x000002e0d5d1b7e8, RDX=0x000002e0c13a99f8
RSP=0x000000ef6dafeb78, RBP=0x000000ef6dafebe0, RSI=0x0000000010200021, RDI=0x00000000a667f1d0
R8 =0x0000000000000a66, R9 =0x00000000a667f188, R10=0x00007ffec5152850, R11=0x000002e0c1b948c0
R12=0x0000000000000000, R13=0x000000ef6dafeb80, R14=0x000000ef6dafebf0, R15=0x000002e0d4179060
RIP=0x0000000800000630, EFLAGS=0x0000000000010a02

Top of Stack: (sp=0x000000ef6dafeb78)
0x000000ef6dafeb78:   000002e0c13a99f8 00000000a2a169c8
0x000000ef6dafeb88:   00000000a667f1d0 00000000a667f1d0
0x000000ef6dafeb98:   000000ef6dafeb98 000002e0d5d19c66
0x000000ef6dafeba8:   000000ef6dafebf0 000002e0d5d1b7e8
0x000000ef6dafebb8:   0000000000000000 00000000a29fbb98
0x000000ef6dafebc8:   000002e0d5d19c90 000000ef6dafeb80
0x000000ef6dafebd8:   000000ef6dafebf0 000000ef6dafec50
0x000000ef6dafebe8:   000002e0c13a93d6 00000000a667f1d0
0x000000ef6dafebf8:   00000000a667f1d0 00000000a667f098
0x000000ef6dafec08:   000000ef6dafec08 000002e0d5cde271
0x000000ef6dafec18:   000000ef6dafecc8 000002e0d5ce0000
0x000000ef6dafec28:   0000000000000000 00000000a29dd780
0x000000ef6dafec38:   000002e0d5cde530 000000ef6dafebf0
0x000000ef6dafec48:   000000ef6dafecc8 000000ef6dafed18
0x000000ef6dafec58:   000002e0c13a93d6 0000000000000000
0x000000ef6dafec68:   0000000000000000 0000000000000000 

Instructions: (pc=0x0000000800000630)
0x0000000800000530:   f0 e5 94 c4 fe 7f 00 00 20 51 82 c4 fe 7f 00 00
0x0000000800000540:   10 a2 60 c4 fe 7f 00 00 d0 7b 94 c4 fe 7f 00 00
0x0000000800000550:   10 51 82 c4 fe 7f 00 00 b0 70 94 c4 fe 7f 00 00
0x0000000800000560:   f0 c8 94 c4 fe 7f 00 00 50 51 82 c4 fe 7f 00 00
0x0000000800000570:   10 74 94 c4 fe 7f 00 00 a0 5c b0 c4 fe 7f 00 00
0x0000000800000580:   70 f9 94 c4 fe 7f 00 00 d0 a3 94 c4 fe 7f 00 00
0x0000000800000590:   50 8d 94 c4 fe 7f 00 00 a0 fa 94 c4 fe 7f 00 00
0x00000008000005a0:   b0 6d 94 c4 fe 7f 00 00 80 6c 94 c4 fe 7f 00 00
0x00000008000005b0:   f0 6d 94 c4 fe 7f 00 00 d0 6d 94 c4 fe 7f 00 00
0x00000008000005c0:   c0 e7 94 c4 fe 7f 00 00 90 ef 94 c4 fe 7f 00 00
0x00000008000005d0:   20 ee 94 c4 fe 7f 00 00 40 51 82 c4 fe 7f 00 00
0x00000008000005e0:   80 f9 94 c4 fe 7f 00 00 00 6e 94 c4 fe 7f 00 00
0x00000008000005f0:   50 ec 94 c4 fe 7f 00 00 10 7b 94 c4 fe 7f 00 00
0x0000000800000600:   00 ae 94 c4 fe 7f 00 00 40 d4 94 c4 fe 7f 00 00
0x0000000800000610:   b0 d1 94 c4 fe 7f 00 00 b0 fe 94 c4 fe 7f 00 00
0x0000000800000620:   60 0a 95 c4 fe 7f 00 00 0e 00 00 00 00 00 00 00
0x0000000800000630:   40 29 61 c4 fe 7f 00 00 70 d7 65 c4 fe 7f 00 00
0x0000000800000640:   40 29 61 c4 fe 7f 00 00 70 d7 65 c4 fe 7f 00 00
0x0000000800000650:   70 d7 65 c4 fe 7f 00 00 70 d7 65 c4 fe 7f 00 00
0x0000000800000660:   20 54 82 c4 fe 7f 00 00 70 e7 65 c4 fe 7f 00 00
0x0000000800000670:   e0 50 82 c4 fe 7f 00 00 00 fb be c4 fe 7f 00 00
0x0000000800000680:   40 6a b0 c4 fe 7f 00 00 50 0d bf c4 fe 7f 00 00
0x0000000800000690:   30 51 82 c4 fe 7f 00 00 10 1c bf c4 fe 7f 00 00
0x00000008000006a0:   2b 00 00 00 00 00 00 00 40 29 61 c4 fe 7f 00 00
0x00000008000006b0:   40 29 61 c4 fe 7f 00 00 70 d7 65 c4 fe 7f 00 00
0x00000008000006c0:   70 d7 65 c4 fe 7f 00 00 70 d7 65 c4 fe 7f 00 00
0x00000008000006d0:   70 d7 65 c4 fe 7f 00 00 40 54 82 c4 fe 7f 00 00
0x00000008000006e0:   60 f0 60 c4 fe 7f 00 00 f0 a9 94 c4 fe 7f 00 00
0x00000008000006f0:   c0 ef c1 c4 fe 7f 00 00 10 a2 60 c4 fe 7f 00 00
0x0000000800000700:   70 f5 c1 c4 fe 7f 00 00 70 d7 65 c4 fe 7f 00 00
0x0000000800000710:   10 a2 60 c4 fe 7f 00 00 c0 e6 c1 c4 fe 7f 00 00
0x0000000800000720:   30 6a 6b c4 fe 7f 00 00 60 e6 c1 c4 fe 7f 00 00 


Stack slot to memory mapping:
stack at sp + 0 slots: 0x000002e0c13a99f8 is at code_begin+280 in an Interpreter codelet
invoke return entry points  [0x000002e0c13a98e0, 0x000002e0c13a9aa0]  448 bytes
stack at sp + 1 slots: 0x00000000a2a169c8 is an oop: java.lang.invoke.DirectMethodHandle$Constructor 
{0x00000000a2a169c8} - klass: 'java/lang/invoke/DirectMethodHandle$Constructor'
 - ---- fields (total size 5 words):
 - private 'customizationCount' 'B' @12  0
 - private volatile 'updateInProgress' 'Z' @13  false
 - private final 'type' 'Ljava/lang/invoke/MethodType;' @16  a 'java/lang/invoke/MethodType'{0x00000000a2a169f0} = (Lcom/mysql/cj/protocol/a/authentication/AuthenticationLdapSaslClientPlugin;)Ljavax/security/auth/callback/CallbackHandler; (a2a169f0)
 - final 'form' 'Ljava/lang/invoke/LambdaForm;' @20  a 'java/lang/invoke/LambdaForm'{0x00000000a1d2f998} => a 'java/lang/invoke/MemberName'{0x00000000a1d2fb00} = {method} {0x00000008000e3388} 'newInvokeSpecial' '(Ljava/lang/Object;Ljava/lang/Object;)Ljava/lang/Object;' in 'java/lang/invoke/DirectMethodHandle$Holder' (a1d2f998)
 - 'asTypeCache' 'Ljava/lang/invoke/MethodHandle;' @24  NULL (0)
 - final 'crackable' 'Z' @14  false
 - final 'member' 'Ljava/lang/invoke/MemberName;' @28  a 'java/lang/invoke/MemberName'{0x00000000a2a16a30} = {method} {0x000002e0d5d1c328} '<init>' '(Lcom/mysql/cj/protocol/a/authentication/AuthenticationLdapSaslClientPlugin;)V' in 'com/mysql/cj/protocol/a/authentication/AuthenticationLdapSaslClientPlugin$$Lambda$728+0x00000008010fbdd8' (a2a16a30)
 - final 'initMethod' 'Ljava/lang/invoke/MemberName;' @32  a 'java/lang/invoke/MemberName'{0x00000000a2a16b18} = {method} {0x000002e0d5d1c328} '<init>' '(Lcom/mysql/cj/protocol/a/authentication/AuthenticationLdapSaslClientPlugin;)V' in 'com/mysql/cj/protocol/a/authentication/AuthenticationLdapSaslClientPlugin$$Lambda$728+0x00000008010fbdd8' (a2a16b18)
 - final 'instanceClass' 'Ljava/lang/Class;' @36  a 'java/lang/Class'{0x00000000a29fcea8} = 'com/mysql/cj/protocol/a/authentication/AuthenticationLdapSaslClientPlugin$$Lambda$728+0x00000008010fbdd8' (a29fcea8)
stack at sp + 2 slots: 0x00000000a667f1d0 is an oop: com.mysql.cj.protocol.a.authentication.AuthenticationLdapSaslClientPlugin 
{0x00000000a667f1d0} - klass: 'com/mysql/cj/protocol/a/authentication/AuthenticationLdapSaslClientPlugin'
 - ---- fields (total size 6 words):
 - private 'firstPass' 'Z' @12  true
 - private 'protocol' 'Lcom/mysql/cj/protocol/Protocol;' @16  NULL (0)
 - private 'usernameCallbackHandler' 'Lcom/mysql/cj/callback/MysqlCallbackHandler;' @20  NULL (0)
 - private 'user' 'Ljava/lang/String;' @24  NULL (0)
 - private 'password' 'Ljava/lang/String;' @28  NULL (0)
 - private 'authMech' 'Lcom/mysql/cj/protocol/a/authentication/AuthenticationLdapSaslClientPlugin$AuthenticationMechanisms;' @32  NULL (0)
 - private 'saslClient' 'Ljavax/security/sasl/SaslClient;' @36  NULL (0)
 - private 'subject' 'Ljavax/security/auth/Subject;' @40  NULL (0)
 - private 'credentialsCallbackHandler' 'Ljavax/security/auth/callback/CallbackHandler;' @44  NULL (0)
stack at sp + 3 slots: 0x00000000a667f1d0 is an oop: com.mysql.cj.protocol.a.authentication.AuthenticationLdapSaslClientPlugin 
{0x00000000a667f1d0} - klass: 'com/mysql/cj/protocol/a/authentication/AuthenticationLdapSaslClientPlugin'
 - ---- fields (total size 6 words):
 - private 'firstPass' 'Z' @12  true
 - private 'protocol' 'Lcom/mysql/cj/protocol/Protocol;' @16  NULL (0)
 - private 'usernameCallbackHandler' 'Lcom/mysql/cj/callback/MysqlCallbackHandler;' @20  NULL (0)
 - private 'user' 'Ljava/lang/String;' @24  NULL (0)
 - private 'password' 'Ljava/lang/String;' @28  NULL (0)
 - private 'authMech' 'Lcom/mysql/cj/protocol/a/authentication/AuthenticationLdapSaslClientPlugin$AuthenticationMechanisms;' @32  NULL (0)
 - private 'saslClient' 'Ljavax/security/sasl/SaslClient;' @36  NULL (0)
 - private 'subject' 'Ljavax/security/auth/Subject;' @40  NULL (0)
 - private 'credentialsCallbackHandler' 'Ljavax/security/auth/callback/CallbackHandler;' @44  NULL (0)
stack at sp + 4 slots: 0x000000ef6dafeb98 is pointing into the stack for thread: 0x000002e0d4179060
stack at sp + 5 slots: 0x000002e0d5d19c66 is pointing into metadata
stack at sp + 6 slots: 0x000000ef6dafebf0 is pointing into the stack for thread: 0x000002e0d4179060
stack at sp + 7 slots: 0x000002e0d5d1b7e8 is pointing into metadata


---------------  P R O C E S S  ---------------

Threads class SMR info:
_java_thread_list=0x000002e0d4f84310, length=33, elements={
0x000002e0c9ebbda0, 0x000002e0c9ebd6e0, 0x000002e0c9ed3030, 0x000002e0c9ed66e0,
0x000002e0c9edbbc0, 0x000002e0c9edc480, 0x000002e0c9eda190, 0x000002e0c9ef2b30,
0x000002e0c9ea7160, 0x000002e0cad797e0, 0x000002e0cacfbf50, 0x000002e0cae981b0,
0x000002e0cb07fb20, 0x000002e0d46053a0, 0x000002e0d4604a00, 0x000002e0d4604ed0,
0x000002e0d4604060, 0x000002e0d4604530, 0x000002e0d417bbb0, 0x000002e0d417dd60,
0x000002e0d417e230, 0x000002e0d417ff10, 0x000002e0d417a870, 0x000002e0d417c550,
0x000002e0d417a3a0, 0x000002e0d41803e0, 0x000002e0d417d890, 0x000002e0d417f0a0,
0x000002e0d417f570, 0x000002e0d417b210, 0x000002e0d417b6e0, 0x000002e0d417c080,
0x000002e0d4179060
}

Java Threads: ( => current thread )
  0x000002e0c9ebbda0 JavaThread "Reference Handler" daemon [_thread_blocked, id=768, stack(0x000000ef6d100000,0x000000ef6d200000)]
  0x000002e0c9ebd6e0 JavaThread "Finalizer" daemon [_thread_blocked, id=7612, stack(0x000000ef6d200000,0x000000ef6d300000)]
  0x000002e0c9ed3030 JavaThread "Signal Dispatcher" daemon [_thread_blocked, id=7104, stack(0x000000ef6d300000,0x000000ef6d400000)]
  0x000002e0c9ed66e0 JavaThread "Attach Listener" daemon [_thread_blocked, id=1812, stack(0x000000ef6d400000,0x000000ef6d500000)]
  0x000002e0c9edbbc0 JavaThread "Service Thread" daemon [_thread_blocked, id=5236, stack(0x000000ef6d500000,0x000000ef6d600000)]
  0x000002e0c9edc480 JavaThread "Monitor Deflation Thread" daemon [_thread_blocked, id=7912, stack(0x000000ef6d600000,0x000000ef6d700000)]
  0x000002e0c9eda190 JavaThread "C1 CompilerThread0" daemon [_thread_blocked, id=3572, stack(0x000000ef6d700000,0x000000ef6d800000)]
  0x000002e0c9ef2b30 JavaThread "Sweeper thread" daemon [_thread_blocked, id=6112, stack(0x000000ef6d800000,0x000000ef6d900000)]
  0x000002e0c9ea7160 JavaThread "Common-Cleaner" daemon [_thread_blocked, id=8500, stack(0x000000ef6d900000,0x000000ef6da00000)]
  0x000002e0cad797e0 JavaThread "Monitor Ctrl-Break" daemon [_thread_in_native, id=1412, stack(0x000000ef6dc00000,0x000000ef6dd00000)]
  0x000002e0cacfbf50 JavaThread "Notification Thread" daemon [_thread_blocked, id=6900, stack(0x000000ef6dd00000,0x000000ef6de00000)]
  0x000002e0cae981b0 JavaThread "RMI TCP Accept-0" daemon [_thread_in_native, id=9176, stack(0x000000ef6de00000,0x000000ef6df00000)]
  0x000002e0cb07fb20 JavaThread "RMI Scheduler(0)" daemon [_thread_blocked, id=9056, stack(0x000000ef6e500000,0x000000ef6e600000)]
  0x000002e0d46053a0 JavaThread "Catalina-utility-1" [_thread_blocked, id=1288, stack(0x000000ef6e700000,0x000000ef6e800000)]
  0x000002e0d4604a00 JavaThread "Catalina-utility-2" [_thread_blocked, id=10724, stack(0x000000ef6e800000,0x000000ef6e900000)]
  0x000002e0d4604ed0 JavaThread "container-0" [_thread_blocked, id=9840, stack(0x000000ef6e900000,0x000000ef6ea00000)]
  0x000002e0d4604060 JavaThread "mysql-cj-abandoned-connection-cleanup" daemon [_thread_blocked, id=3308, stack(0x000000ef6ea00000,0x000000ef6eb00000)]
  0x000002e0d4604530 JavaThread "HikariPool-1 housekeeper" daemon [_thread_blocked, id=1088, stack(0x000000ef6ed00000,0x000000ef6ee00000)]
  0x000002e0d417bbb0 JavaThread "http-nio-8080-Poller" daemon [_thread_in_native, id=8076, stack(0x000000ef6f000000,0x000000ef6f100000)]
  0x000002e0d417dd60 JavaThread "http-nio-8080-Acceptor" daemon [_thread_in_native, id=8764, stack(0x000000ef6f100000,0x000000ef6f200000)]
  0x000002e0d417e230 JavaThread "DestroyJavaVM" [_thread_blocked, id=10108, stack(0x000000ef6ca00000,0x000000ef6cb00000)]
  0x000002e0d417ff10 JavaThread "http-nio-8080-exec-1" daemon [_thread_blocked, id=9388, stack(0x000000ef6ee00000,0x000000ef6ef00000)]
  0x000002e0d417a870 JavaThread "http-nio-8080-exec-2" daemon [_thread_blocked, id=9080, stack(0x000000ef6f400000,0x000000ef6f500000)]
  0x000002e0d417c550 JavaThread "http-nio-8080-exec-3" daemon [_thread_blocked, id=8016, stack(0x000000ef6f200000,0x000000ef6f300000)]
  0x000002e0d417a3a0 JavaThread "http-nio-8080-exec-4" daemon [_thread_blocked, id=8920, stack(0x000000ef6c700000,0x000000ef6c800000)]
  0x000002e0d41803e0 JavaThread "http-nio-8080-exec-5" daemon [_thread_blocked, id=3588, stack(0x000000ef6c800000,0x000000ef6c900000)]
  0x000002e0d417d890 JavaThread "http-nio-8080-exec-6" daemon [_thread_blocked, id=8316, stack(0x000000ef6f500000,0x000000ef6f600000)]
  0x000002e0d417f0a0 JavaThread "http-nio-8080-exec-7" daemon [_thread_blocked, id=9488, stack(0x000000ef6f600000,0x000000ef6f700000)]
  0x000002e0d417f570 JavaThread "http-nio-8080-exec-8" daemon [_thread_blocked, id=7712, stack(0x000000ef6f700000,0x000000ef6f800000)]
  0x000002e0d417b210 JavaThread "http-nio-8080-exec-9" daemon [_thread_blocked, id=6464, stack(0x000000ef6f800000,0x000000ef6f900000)]
  0x000002e0d417b6e0 JavaThread "http-nio-8080-exec-10" daemon [_thread_blocked, id=1836, stack(0x000000ef6f900000,0x000000ef6fa00000)]
  0x000002e0d417c080 JavaThread "HikariPool-1 connection closer" daemon [_thread_blocked, id=1816, stack(0x000000ef6c900000,0x000000ef6ca00000)]
=>0x000002e0d4179060 JavaThread "HikariPool-1 connection adder" daemon [_thread_in_Java, id=10640, stack(0x000000ef6da00000,0x000000ef6db00000)]

Other Threads:
  0x000002e0c9eb86e0 VMThread "VM Thread" [stack: 0x000000ef6d000000,0x000000ef6d100000] [id=6720]
  0x000002e0b9917f30 WatcherThread [stack: 0x000000ef6df00000,0x000000ef6e000000] [id=2060]
  0x000002e0b9901ca0 GCTaskThread "GC Thread#0" [stack: 0x000000ef6cb00000,0x000000ef6cc00000] [id=2736]
  0x000002e0cb0528a0 GCTaskThread "GC Thread#1" [stack: 0x000000ef6e100000,0x000000ef6e200000] [id=8836]
  0x000002e0cb05fb60 GCTaskThread "GC Thread#2" [stack: 0x000000ef6e200000,0x000000ef6e300000] [id=3240]
  0x000002e0cb080d40 GCTaskThread "GC Thread#3" [stack: 0x000000ef6e300000,0x000000ef6e400000] [id=7948]
  0x000002e0b990f800 ConcurrentGCThread "G1 Main Marker" [stack: 0x000000ef6cc00000,0x000000ef6cd00000] [id=10936]
  0x000002e0b9911da0 ConcurrentGCThread "G1 Conc#0" [stack: 0x000000ef6cd00000,0x000000ef6ce00000] [id=6116]
  0x000002e0b996ebe0 ConcurrentGCThread "G1 Refine#0" [stack: 0x000000ef6ce00000,0x000000ef6cf00000] [id=11116]
  0x000002e0cb051e00 ConcurrentGCThread "G1 Refine#1" [stack: 0x000000ef6e400000,0x000000ef6e500000] [id=10432]
  0x000002e0c9d74a70 ConcurrentGCThread "G1 Service" [stack: 0x000000ef6cf00000,0x000000ef6d000000] [id=11168]

Threads with active compile tasks:

VM state: not at safepoint (normal execution)

VM Mutex/Monitor currently owned by a thread: None

Heap address: 0x00000000a1800000, size: 1512 MB, Compressed Oops mode: 32-bit

CDS archive(s) mapped at: [0x0000000800000000-0x0000000800bc0000-0x0000000800bc0000), size 12320768, SharedBaseAddress: 0x0000000800000000, ArchiveRelocationMode: 0.
Compressed class space mapped at: 0x0000000800c00000-0x0000000840c00000, reserved size: 1073741824
Narrow klass base: 0x0000000800000000, Narrow klass shift: 0, Narrow klass range: 0x100000000

GC Precious Log:
 CPUs: 4 total, 4 available
 Memory: 6047M
 Large Page Support: Disabled
 NUMA Support: Disabled
 Compressed Oops: Enabled (32-bit)
 Heap Region Size: 1M
 Heap Min Capacity: 8M
 Heap Initial Capacity: 96M
 Heap Max Capacity: 1512M
 Pre-touch: Disabled
 Parallel Workers: 4
 Concurrent Workers: 1
 Concurrent Refinement Workers: 4
 Periodic GC: Disabled

Heap:
 garbage-first heap   total 61440K, used 32113K [0x00000000a1800000, 0x0000000100000000)
  region size 1024K, 9 young (9216K), 4 survivors (4096K)
 Metaspace       used 57751K, committed 58176K, reserved 1105920K
  class space    used 8173K, committed 8384K, reserved 1048576K

Heap Regions: E=young(eden), S=young(survivor), O=old, HS=humongous(starts), HC=humongous(continues), CS=collection set, F=free, OA=open archive, CA=closed archive, TAMS=top-at-mark-start (previous, next)
|   0|0x00000000a1800000, 0x00000000a1900000, 0x00000000a1900000|100%|HS|  |TAMS 0x00000000a1900000, 0x00000000a1800000| Complete 
|   1|0x00000000a1900000, 0x00000000a1a00000, 0x00000000a1a00000|100%| O|  |TAMS 0x00000000a1a00000, 0x00000000a1900000| Untracked 
|   2|0x00000000a1a00000, 0x00000000a1b00000, 0x00000000a1b00000|100%| O|  |TAMS 0x00000000a1b00000, 0x00000000a1a00000| Untracked 
|   3|0x00000000a1b00000, 0x00000000a1c00000, 0x00000000a1c00000|100%| O|  |TAMS 0x00000000a1c00000, 0x00000000a1b00000| Untracked 
|   4|0x00000000a1c00000, 0x00000000a1d00000, 0x00000000a1d00000|100%| O|  |TAMS 0x00000000a1d00000, 0x00000000a1c00000| Untracked 
|   5|0x00000000a1d00000, 0x00000000a1e00000, 0x00000000a1e00000|100%| O|  |TAMS 0x00000000a1e00000, 0x00000000a1d00000| Untracked 
|   6|0x00000000a1e00000, 0x00000000a1f00000, 0x00000000a1f00000|100%| O|  |TAMS 0x00000000a1f00000, 0x00000000a1e00000| Untracked 
|   7|0x00000000a1f00000, 0x00000000a2000000, 0x00000000a2000000|100%| O|  |TAMS 0x00000000a2000000, 0x00000000a1f00000| Untracked 
|   8|0x00000000a2000000, 0x00000000a2100000, 0x00000000a2100000|100%| O|  |TAMS 0x00000000a2100000, 0x00000000a2000000| Untracked 
|   9|0x00000000a2100000, 0x00000000a2128800, 0x00000000a2200000| 15%| O|  |TAMS 0x00000000a2128800, 0x00000000a2100000| Untracked 
|  10|0x00000000a2200000, 0x00000000a2300000, 0x00000000a2300000|100%| O|  |TAMS 0x00000000a2300000, 0x00000000a2200000| Untracked 
|  11|0x00000000a2300000, 0x00000000a2400000, 0x00000000a2400000|100%| O|  |TAMS 0x00000000a2400000, 0x00000000a2300000| Untracked 
|  12|0x00000000a2400000, 0x00000000a2500000, 0x00000000a2500000|100%| O|  |TAMS 0x00000000a2500000, 0x00000000a2400000| Untracked 
|  13|0x00000000a2500000, 0x00000000a2600000, 0x00000000a2600000|100%| O|  |TAMS 0x00000000a2600000, 0x00000000a2500000| Untracked 
|  14|0x00000000a2600000, 0x00000000a2700000, 0x00000000a2700000|100%| O|  |TAMS 0x00000000a2700000, 0x00000000a2600000| Untracked 
|  15|0x00000000a2700000, 0x00000000a2800000, 0x00000000a2800000|100%| O|  |TAMS 0x00000000a2800000, 0x00000000a2700000| Untracked 
|  16|0x00000000a2800000, 0x00000000a2900000, 0x00000000a2900000|100%| O|  |TAMS 0x00000000a2860a00, 0x00000000a2800000| Untracked 
|  17|0x00000000a2900000, 0x00000000a2a00000, 0x00000000a2a00000|100%| O|  |TAMS 0x00000000a2900000, 0x00000000a2900000| Untracked 
|  18|0x00000000a2a00000, 0x00000000a2b00000, 0x00000000a2b00000|100%| O|  |TAMS 0x00000000a2a00000, 0x00000000a2a00000| Untracked 
|  19|0x00000000a2b00000, 0x00000000a2c00000, 0x00000000a2c00000|100%| O|  |TAMS 0x00000000a2b00000, 0x00000000a2b00000| Untracked 
|  20|0x00000000a2c00000, 0x00000000a2d00000, 0x00000000a2d00000|100%| O|  |TAMS 0x00000000a2d00000, 0x00000000a2c00000| Untracked 
|  21|0x00000000a2d00000, 0x00000000a2e00000, 0x00000000a2e00000|100%| O|  |TAMS 0x00000000a2d00000, 0x00000000a2d00000| Untracked 
|  22|0x00000000a2e00000, 0x00000000a2f00000, 0x00000000a2f00000|100%| O|  |TAMS 0x00000000a2e00000, 0x00000000a2e00000| Untracked 
|  23|0x00000000a2f00000, 0x00000000a3000000, 0x00000000a3000000|100%| O|  |TAMS 0x00000000a2f00000, 0x00000000a2f00000| Untracked 
|  24|0x00000000a3000000, 0x00000000a3100000, 0x00000000a3100000|100%| O|  |TAMS 0x00000000a3000000, 0x00000000a3000000| Untracked 
|  25|0x00000000a3100000, 0x00000000a3133c00, 0x00000000a3200000| 20%| O|  |TAMS 0x00000000a3100000, 0x00000000a3100000| Untracked 
|  26|0x00000000a3200000, 0x00000000a3200000, 0x00000000a3300000|  0%| F|  |TAMS 0x00000000a3200000, 0x00000000a3200000| Untracked 
|  27|0x00000000a3300000, 0x00000000a3300000, 0x00000000a3400000|  0%| F|  |TAMS 0x00000000a3300000, 0x00000000a3300000| Untracked 
|  28|0x00000000a3400000, 0x00000000a3400000, 0x00000000a3500000|  0%| F|  |TAMS 0x00000000a3400000, 0x00000000a3400000| Untracked 
|  29|0x00000000a3500000, 0x00000000a3500000, 0x00000000a3600000|  0%| F|  |TAMS 0x00000000a3500000, 0x00000000a3500000| Untracked 
|  30|0x00000000a3600000, 0x00000000a3600000, 0x00000000a3700000|  0%| F|  |TAMS 0x00000000a3600000, 0x00000000a3600000| Untracked 
|  31|0x00000000a3700000, 0x00000000a3700000, 0x00000000a3800000|  0%| F|  |TAMS 0x00000000a3700000, 0x00000000a3700000| Untracked 
|  32|0x00000000a3800000, 0x00000000a3800000, 0x00000000a3900000|  0%| F|  |TAMS 0x00000000a3800000, 0x00000000a3800000| Untracked 
|  33|0x00000000a3900000, 0x00000000a3900000, 0x00000000a3a00000|  0%| F|  |TAMS 0x00000000a3900000, 0x00000000a3900000| Untracked 
|  34|0x00000000a3a00000, 0x00000000a3b00000, 0x00000000a3b00000|100%| S|CS|TAMS 0x00000000a3a00000, 0x00000000a3a00000| Complete 
|  35|0x00000000a3b00000, 0x00000000a3c00000, 0x00000000a3c00000|100%| S|CS|TAMS 0x00000000a3b00000, 0x00000000a3b00000| Complete 
|  36|0x00000000a3c00000, 0x00000000a3c00000, 0x00000000a3d00000|  0%| F|  |TAMS 0x00000000a3c00000, 0x00000000a3c00000| Untracked 
|  37|0x00000000a3d00000, 0x00000000a3e00000, 0x00000000a3e00000|100%| S|CS|TAMS 0x00000000a3d00000, 0x00000000a3d00000| Complete 
|  38|0x00000000a3e00000, 0x00000000a3f00000, 0x00000000a3f00000|100%| S|CS|TAMS 0x00000000a3e00000, 0x00000000a3e00000| Complete 
|  39|0x00000000a3f00000, 0x00000000a3f00000, 0x00000000a4000000|  0%| F|  |TAMS 0x00000000a3f00000, 0x00000000a3f00000| Untracked 
|  40|0x00000000a4000000, 0x00000000a4000000, 0x00000000a4100000|  0%| F|  |TAMS 0x00000000a4000000, 0x00000000a4000000| Untracked 
|  41|0x00000000a4100000, 0x00000000a4100000, 0x00000000a4200000|  0%| F|  |TAMS 0x00000000a4100000, 0x00000000a4100000| Untracked 
|  42|0x00000000a4200000, 0x00000000a4200000, 0x00000000a4300000|  0%| F|  |TAMS 0x00000000a4200000, 0x00000000a4200000| Untracked 
|  43|0x00000000a4300000, 0x00000000a4300000, 0x00000000a4400000|  0%| F|  |TAMS 0x00000000a4300000, 0x00000000a4300000| Untracked 
|  44|0x00000000a4400000, 0x00000000a4400000, 0x00000000a4500000|  0%| F|  |TAMS 0x00000000a4400000, 0x00000000a4400000| Untracked 
|  45|0x00000000a4500000, 0x00000000a4500000, 0x00000000a4600000|  0%| F|  |TAMS 0x00000000a4500000, 0x00000000a4500000| Untracked 
|  46|0x00000000a4600000, 0x00000000a4600000, 0x00000000a4700000|  0%| F|  |TAMS 0x00000000a4600000, 0x00000000a4600000| Untracked 
|  47|0x00000000a4700000, 0x00000000a4700000, 0x00000000a4800000|  0%| F|  |TAMS 0x00000000a4700000, 0x00000000a4700000| Untracked 
|  48|0x00000000a4800000, 0x00000000a4800000, 0x00000000a4900000|  0%| F|  |TAMS 0x00000000a4800000, 0x00000000a4800000| Untracked 
|  49|0x00000000a4900000, 0x00000000a4900000, 0x00000000a4a00000|  0%| F|  |TAMS 0x00000000a4900000, 0x00000000a4900000| Untracked 
|  50|0x00000000a4a00000, 0x00000000a4a00000, 0x00000000a4b00000|  0%| F|  |TAMS 0x00000000a4a00000, 0x00000000a4a00000| Untracked 
|  51|0x00000000a4b00000, 0x00000000a4b00000, 0x00000000a4c00000|  0%| F|  |TAMS 0x00000000a4b00000, 0x00000000a4b00000| Untracked 
|  52|0x00000000a4c00000, 0x00000000a4c00000, 0x00000000a4d00000|  0%| F|  |TAMS 0x00000000a4c00000, 0x00000000a4c00000| Untracked 
|  53|0x00000000a4d00000, 0x00000000a4d00000, 0x00000000a4e00000|  0%| F|  |TAMS 0x00000000a4d00000, 0x00000000a4d00000| Untracked 
|  54|0x00000000a4e00000, 0x00000000a4e00000, 0x00000000a4f00000|  0%| F|  |TAMS 0x00000000a4e00000, 0x00000000a4e00000| Untracked 
|  78|0x00000000a6600000, 0x00000000a66a8b20, 0x00000000a6700000| 65%| E|  |TAMS 0x00000000a6600000, 0x00000000a6600000| Complete 
|  79|0x00000000a6700000, 0x00000000a6800000, 0x00000000a6800000|100%| E|CS|TAMS 0x00000000a6700000, 0x00000000a6700000| Complete 
|  80|0x00000000a6800000, 0x00000000a6900000, 0x00000000a6900000|100%| E|CS|TAMS 0x00000000a6800000, 0x00000000a6800000| Complete 
|  81|0x00000000a6900000, 0x00000000a6a00000, 0x00000000a6a00000|100%| E|  |TAMS 0x00000000a6900000, 0x00000000a6900000| Complete 
|  95|0x00000000a7700000, 0x00000000a7800000, 0x00000000a7800000|100%| E|CS|TAMS 0x00000000a7700000, 0x00000000a7700000| Complete 

Card table byte_map: [0x000002e0c43a0000,0x000002e0c46a0000] _byte_map_base: 0x000002e0c3e94000

Marking Bits (Prev, Next): (CMBitMap*) 0x000002e0b9903210, (CMBitMap*) 0x000002e0b99031d0
 Prev Bits: [0x000002e0c6140000, 0x000002e0c78e0000)
 Next Bits: [0x000002e0c49a0000, 0x000002e0c6140000)

Polling page: 0x000002e0b7700000

Metaspace:

Usage:
  Non-class:     48.42 MB used.
      Class:      7.98 MB used.
       Both:     56.40 MB used.

Virtual space:
  Non-class space:       56.00 MB reserved,      48.63 MB ( 87%) committed,  7 nodes.
      Class space:        1.00 GB reserved,       8.19 MB ( <1%) committed,  1 nodes.
             Both:        1.05 GB reserved,      56.81 MB (  5%) committed. 

Chunk freelists:
   Non-Class:  3.27 MB
       Class:  3.84 MB
        Both:  7.11 MB

MaxMetaspaceSize: unlimited
CompressedClassSpaceSize: 1.00 GB
Initial GC threshold: 21.00 MB
Current GC threshold: 67.19 MB
CDS: on
MetaspaceReclaimPolicy: balanced
 - commit_granule_bytes: 65536.
 - commit_granule_words: 8192.
 - virtual_space_node_default_size: 1048576.
 - enlarge_chunks_in_place: 1.
 - new_chunks_are_fully_committed: 0.
 - uncommit_free_chunks: 1.
 - use_allocation_guard: 0.
 - handle_deallocations: 1.


Internal statistics:

num_allocs_failed_limit: 9.
num_arena_births: 580.
num_arena_deaths: 0.
num_vsnodes_births: 8.
num_vsnodes_deaths: 0.
num_space_committed: 909.
num_space_uncommitted: 0.
num_chunks_returned_to_freelist: 9.
num_chunks_taken_from_freelist: 2696.
num_chunk_merges: 9.
num_chunk_splits: 1936.
num_chunks_enlarged: 1502.
num_purges: 0.
num_inconsistent_stats: 0.

CodeCache: size=49152Kb used=10058Kb max_used=10441Kb free=39093Kb
 bounds [0x000002e0c13a0000, 0x000002e0c1de0000, 0x000002e0c43a0000]
 total_blobs=6246 nmethods=5599 adapters=574
 compilation: enabled
              stopped_count=0, restarted_count=0
 full_count=0

Compilation events (20 events):
Event: 651.083 Thread 0x000002e0c9eda190 5585       1       org.apache.catalina.mapper.MapperListener::lifecycleEvent (178 bytes)
Event: 651.084 Thread 0x000002e0c9eda190 nmethod 5585 0x000002e0c1a54c10 code [0x000002e0c1a54e80, 0x000002e0c1a55738]
Event: 811.098 Thread 0x000002e0c9eda190 5586   !   1       org.apache.catalina.core.StandardContext::getLoader (38 bytes)
Event: 811.099 Thread 0x000002e0c9eda190 nmethod 5586 0x000002e0c1a54490 code [0x000002e0c1a54680, 0x000002e0c1a54978]
Event: 891.105 Thread 0x000002e0c9eda190 5588       1       java.util.TreeSet::iterator (15 bytes)
Event: 891.105 Thread 0x000002e0c9eda190 nmethod 5588 0x000002e0c1a53d10 code [0x000002e0c1a53ec0, 0x000002e0c1a53fd8]
Event: 1091.123 Thread 0x000002e0c9eda190 5589       1       org.apache.catalina.loader.WebappLoader::getClassLoader (5 bytes)
Event: 1091.124 Thread 0x000002e0c9eda190 nmethod 5589 0x000002e0c1a53a10 code [0x000002e0c1a53ba0, 0x000002e0c1a53c78]
Event: 1181.131 Thread 0x000002e0c9eda190 5590       1       org.apache.catalina.core.StandardContext::getThreadBindingListener (5 bytes)
Event: 1181.131 Thread 0x000002e0c9eda190 nmethod 5590 0x000002e0c1a53710 code [0x000002e0c1a538a0, 0x000002e0c1a53978]
Event: 1201.132 Thread 0x000002e0c9eda190 5591       1       org.apache.catalina.core.StandardContext::getInstanceManager (5 bytes)
Event: 1201.132 Thread 0x000002e0c9eda190 nmethod 5591 0x000002e0c1a53410 code [0x000002e0c1a535a0, 0x000002e0c1a53678]
Event: 1290.402 Thread 0x000002e0c9eda190 5592   !   1       com.mysql.cj.jdbc.AbandonedConnectionCleanupThread::checkThreadContextClassLoader (20 bytes)
Event: 1290.403 Thread 0x000002e0c9eda190 nmethod 5592 0x000002e0c1a52b90 code [0x000002e0c1a52d80, 0x000002e0c1a53098]
Event: 1291.139 Thread 0x000002e0c9eda190 5593       1       org.apache.catalina.core.StandardWrapper::getServlet (5 bytes)
Event: 1291.139 Thread 0x000002e0c9eda190 nmethod 5593 0x000002e0c1a52890 code [0x000002e0c1a52a20, 0x000002e0c1a52af8]
Event: 1544.184 Thread 0x000002e0c9eda190 5594       1       java.lang.ThreadLocal::set (30 bytes)
Event: 1544.185 Thread 0x000002e0c9eda190 nmethod 5594 0x000002e0c1a52410 code [0x000002e0c1a525c0, 0x000002e0c1a52768]
Event: 1767.596 Thread 0x000002e0c9eda190 5595       1       java.io.FileDescriptor::<init> (17 bytes)
Event: 1767.596 Thread 0x000002e0c9eda190 nmethod 5595 0x000002e0c1a52110 code [0x000002e0c1a522a0, 0x000002e0c1a52378]

GC Heap History (20 events):
Event: 10.185 GC heap before
{Heap before GC invocations=6 (full 0):
 garbage-first heap   total 51200K, used 39994K [0x00000000a1800000, 0x0000000100000000)
  region size 1024K, 30 young (30720K), 4 survivors (4096K)
 Metaspace       used 25541K, committed 25856K, reserved 1073152K
  class space    used 3516K, committed 3648K, reserved 1048576K
}
Event: 10.200 GC heap after
{Heap after GC invocations=7 (full 0):
 garbage-first heap   total 51200K, used 16007K [0x00000000a1800000, 0x0000000100000000)
  region size 1024K, 4 young (4096K), 4 survivors (4096K)
 Metaspace       used 25541K, committed 25856K, reserved 1073152K
  class space    used 3516K, committed 3648K, reserved 1048576K
}
Event: 10.677 GC heap before
{Heap before GC invocations=7 (full 0):
 garbage-first heap   total 51200K, used 35463K [0x00000000a1800000, 0x0000000100000000)
  region size 1024K, 24 young (24576K), 4 survivors (4096K)
 Metaspace       used 28746K, committed 29056K, reserved 1081344K
  class space    used 3955K, committed 4096K, reserved 1048576K
}
Event: 10.684 GC heap after
{Heap after GC invocations=8 (full 0):
 garbage-first heap   total 51200K, used 17141K [0x00000000a1800000, 0x0000000100000000)
  region size 1024K, 2 young (2048K), 2 survivors (2048K)
 Metaspace       used 28746K, committed 29056K, reserved 1081344K
  class space    used 3955K, committed 4096K, reserved 1048576K
}
Event: 11.114 GC heap before
{Heap before GC invocations=8 (full 0):
 garbage-first heap   total 51200K, used 35573K [0x00000000a1800000, 0x0000000100000000)
  region size 1024K, 21 young (21504K), 2 survivors (2048K)
 Metaspace       used 33948K, committed 34368K, reserved 1081344K
  class space    used 4771K, committed 4992K, reserved 1048576K
}
Event: 11.118 GC heap after
{Heap after GC invocations=9 (full 0):
 garbage-first heap   total 51200K, used 18323K [0x00000000a1800000, 0x0000000100000000)
  region size 1024K, 3 young (3072K), 3 survivors (3072K)
 Metaspace       used 33948K, committed 34368K, reserved 1081344K
  class space    used 4771K, committed 4992K, reserved 1048576K
}
Event: 11.258 GC heap before
{Heap before GC invocations=9 (full 0):
 garbage-first heap   total 51200K, used 24467K [0x00000000a1800000, 0x0000000100000000)
  region size 1024K, 10 young (10240K), 3 survivors (3072K)
 Metaspace       used 35798K, committed 36096K, reserved 1081344K
  class space    used 5078K, committed 5248K, reserved 1048576K
}
Event: 11.261 GC heap after
{Heap after GC invocations=10 (full 0):
 garbage-first heap   total 51200K, used 18980K [0x00000000a1800000, 0x0000000100000000)
  region size 1024K, 2 young (2048K), 2 survivors (2048K)
 Metaspace       used 35798K, committed 36096K, reserved 1081344K
  class space    used 5078K, committed 5248K, reserved 1048576K
}
Event: 11.630 GC heap before
{Heap before GC invocations=11 (full 0):
 garbage-first heap   total 51200K, used 38436K [0x00000000a1800000, 0x0000000100000000)
  region size 1024K, 21 young (21504K), 2 survivors (2048K)
 Metaspace       used 40705K, committed 41024K, reserved 1089536K
  class space    used 5800K, committed 5952K, reserved 1048576K
}
Event: 11.634 GC heap after
{Heap after GC invocations=12 (full 0):
 garbage-first heap   total 51200K, used 20558K [0x00000000a1800000, 0x0000000100000000)
  region size 1024K, 3 young (3072K), 3 survivors (3072K)
 Metaspace       used 40705K, committed 41024K, reserved 1089536K
  class space    used 5800K, committed 5952K, reserved 1048576K
}
Event: 12.165 GC heap before
{Heap before GC invocations=13 (full 0):
 garbage-first heap   total 51200K, used 38990K [0x00000000a1800000, 0x0000000100000000)
  region size 1024K, 21 young (21504K), 3 survivors (3072K)
 Metaspace       used 44155K, committed 44544K, reserved 1089536K
  class space    used 6375K, committed 6528K, reserved 1048576K
}
Event: 12.173 GC heap after
{Heap after GC invocations=14 (full 0):
 garbage-first heap   total 51200K, used 21668K [0x00000000a1800000, 0x0000000100000000)
  region size 1024K, 3 young (3072K), 3 survivors (3072K)
 Metaspace       used 44155K, committed 44544K, reserved 1089536K
  class space    used 6375K, committed 6528K, reserved 1048576K
}
Event: 12.621 GC heap before
{Heap before GC invocations=14 (full 0):
 garbage-first heap   total 51200K, used 38052K [0x00000000a1800000, 0x0000000100000000)
  region size 1024K, 20 young (20480K), 3 survivors (3072K)
 Metaspace       used 47108K, committed 47552K, reserved 1089536K
  class space    used 6741K, committed 6976K, reserved 1048576K
}
Event: 12.626 GC heap after
{Heap after GC invocations=15 (full 0):
 garbage-first heap   total 61440K, used 22902K [0x00000000a1800000, 0x0000000100000000)
  region size 1024K, 3 young (3072K), 3 survivors (3072K)
 Metaspace       used 47108K, committed 47552K, reserved 1089536K
  class space    used 6741K, committed 6976K, reserved 1048576K
}
Event: 13.037 GC heap before
{Heap before GC invocations=15 (full 0):
 garbage-first heap   total 61440K, used 47478K [0x00000000a1800000, 0x0000000100000000)
  region size 1024K, 27 young (27648K), 3 survivors (3072K)
 Metaspace       used 50443K, committed 50944K, reserved 1097728K
  class space    used 7228K, committed 7488K, reserved 1048576K
}
Event: 13.043 GC heap after
{Heap after GC invocations=16 (full 0):
 garbage-first heap   total 61440K, used 24702K [0x00000000a1800000, 0x0000000100000000)
  region size 1024K, 4 young (4096K), 4 survivors (4096K)
 Metaspace       used 50443K, committed 50944K, reserved 1097728K
  class space    used 7228K, committed 7488K, reserved 1048576K
}
Event: 65.376 GC heap before
{Heap before GC invocations=16 (full 0):
 garbage-first heap   total 61440K, used 47230K [0x00000000a1800000, 0x0000000100000000)
  region size 1024K, 27 young (27648K), 4 survivors (4096K)
 Metaspace       used 54487K, committed 54976K, reserved 1097728K
  class space    used 7726K, committed 7936K, reserved 1048576K
}
Event: 65.385 GC heap after
{Heap after GC invocations=17 (full 0):
 garbage-first heap   total 61440K, used 26548K [0x00000000a1800000, 0x0000000100000000)
  region size 1024K, 4 young (4096K), 4 survivors (4096K)
 Metaspace       used 54487K, committed 54976K, reserved 1097728K
  class space    used 7726K, committed 7936K, reserved 1048576K
}
Event: 66.165 GC heap before
{Heap before GC invocations=17 (full 0):
 garbage-first heap   total 61440K, used 48052K [0x00000000a1800000, 0x0000000100000000)
  region size 1024K, 25 young (25600K), 4 survivors (4096K)
 Metaspace       used 56971K, committed 57472K, reserved 1105920K
  class space    used 8073K, committed 8320K, reserved 1048576K
}
Event: 66.172 GC heap after
{Heap after GC invocations=18 (full 0):
 garbage-first heap   total 61440K, used 29041K [0x00000000a1800000, 0x0000000100000000)
  region size 1024K, 4 young (4096K), 4 survivors (4096K)
 Metaspace       used 56971K, committed 57472K, reserved 1105920K
  class space    used 8073K, committed 8320K, reserved 1048576K
}

Dll operation events (13 events):
Event: 0.009 Loaded shared library C:\Users\Àðò¸ì\.jdks\corretto-17.0.6\bin\java.dll
Event: 0.018 Loaded shared library C:\Users\Àðò¸ì\.jdks\corretto-17.0.6\bin\jsvml.dll
Event: 0.228 Loaded shared library C:\Users\Àðò¸ì\.jdks\corretto-17.0.6\bin\zip.dll
Event: 0.240 Loaded shared library C:\Users\Àðò¸ì\.jdks\corretto-17.0.6\bin\instrument.dll
Event: 0.252 Loaded shared library C:\Users\Àðò¸ì\.jdks\corretto-17.0.6\bin\net.dll
Event: 0.254 Loaded shared library C:\Users\Àðò¸ì\.jdks\corretto-17.0.6\bin\nio.dll
Event: 0.270 Loaded shared library C:\Users\Àðò¸ì\.jdks\corretto-17.0.6\bin\zip.dll
Event: 0.453 Loaded shared library C:\Program Files\JetBrains\IntelliJ IDEA 2022.3.1\bin\breakgen64.dll
Event: 0.461 Loaded shared library C:\Users\Àðò¸ì\.jdks\corretto-17.0.6\bin\jimage.dll
Event: 0.517 Loaded shared library C:\Users\Àðò¸ì\.jdks\corretto-17.0.6\bin\management.dll
Event: 0.543 Loaded shared library C:\Users\Àðò¸ì\.jdks\corretto-17.0.6\bin\management_ext.dll
Event: 1.020 Loaded shared library C:\Users\Àðò¸ì\.jdks\corretto-17.0.6\bin\verify.dll
Event: 13.167 Loaded shared library C:\Users\Àðò¸ì\.jdks\corretto-17.0.6\bin\sunmscapi.dll

Deoptimization events (8 events):
Event: 5.832 Thread 0x000002e0b98b6920 DEOPT PACKING pc=0x000002e0c15aba19 sp=0x000000ef6cafd180
Event: 5.832 Thread 0x000002e0b98b6920 DEOPT UNPACKING pc=0x000002e0c13f7143 sp=0x000000ef6cafc660 mode 3
Event: 9.778 Thread 0x000002e0b98b6920 DEOPT PACKING pc=0x000002e0c18ff31d sp=0x000000ef6cafbf70
Event: 9.778 Thread 0x000002e0b98b6920 DEOPT UNPACKING pc=0x000002e0c13f7143 sp=0x000000ef6cafb4d8 mode 3
Event: 12.196 Thread 0x000002e0b98b6920 DEOPT PACKING pc=0x000002e0c1c96299 sp=0x000000ef6cafc950
Event: 12.196 Thread 0x000002e0b98b6920 DEOPT UNPACKING pc=0x000002e0c13f7143 sp=0x000000ef6cafbe30 mode 3
Event: 12.585 Thread 0x000002e0b98b6920 DEOPT PACKING pc=0x000002e0c15b3d2a sp=0x000000ef6cafbae0
Event: 12.585 Thread 0x000002e0b98b6920 DEOPT UNPACKING pc=0x000002e0c13f7143 sp=0x000000ef6cafafe8 mode 3

Classes unloaded (0 events):
No events

Classes redefined (0 events):
No events

Internal exceptions (20 events):
Event: 12.578 Thread 0x000002e0b98b6920 Exception <a 'java/lang/ClassNotFoundException'{0x00000000a3b4f218}: org/springframework/web/context/ServletContextAwareCustomizer> (0x00000000a3b4f218) 
thrown [s\src\hotspot\share\classfile\systemDictionary.cpp, line 256]
Event: 12.579 Thread 0x000002e0b98b6920 Exception <a 'java/lang/ClassNotFoundException'{0x00000000a3b54e70}: org/springframework/beans/factory/AwareCustomizer> (0x00000000a3b54e70) 
thrown [s\src\hotspot\share\classfile\systemDictionary.cpp, line 256]
Event: 12.610 Thread 0x000002e0b98b6920 Exception <a 'java/lang/ClassNotFoundException'{0x00000000a3930598}: java/lang/ObjectCustomizer> (0x00000000a3930598) 
thrown [s\src\hotspot\share\classfile\systemDictionary.cpp, line 256]
Event: 12.610 Thread 0x000002e0b98b6920 Exception <a 'java/lang/ClassNotFoundException'{0x00000000a39390e8}: org/springframework/security/config/annotation/web/configuration/WebSecurityConfigurationCustomizer> (0x00000000a39390e8) 
thrown [s\src\hotspot\share\classfile\systemDictionary.cpp, line 256]
Event: 12.611 Thread 0x000002e0b98b6920 Exception <a 'java/lang/ClassNotFoundException'{0x00000000a3948610}: org/springframework/context/annotation/ImportAwareCustomizer> (0x00000000a3948610) 
thrown [s\src\hotspot\share\classfile\systemDictionary.cpp, line 256]
Event: 12.612 Thread 0x000002e0b98b6920 Exception <a 'java/lang/ClassNotFoundException'{0x00000000a394de00}: org/springframework/beans/factory/AwareCustomizer> (0x00000000a394de00) 
thrown [s\src\hotspot\share\classfile\systemDictionary.cpp, line 256]
Event: 12.612 Thread 0x000002e0b98b6920 Exception <a 'java/lang/ClassNotFoundException'{0x00000000a3952b78}: org/springframework/beans/factory/BeanClassLoaderAwareCustomizer> (0x00000000a3952b78) 
thrown [s\src\hotspot\share\classfile\systemDictionary.cpp, line 256]
Event: 12.612 Thread 0x000002e0b98b6920 Exception <a 'java/lang/ClassNotFoundException'{0x00000000a3958348}: org/springframework/beans/factory/AwareCustomizer> (0x00000000a3958348) 
thrown [s\src\hotspot\share\classfile\systemDictionary.cpp, line 256]
Event: 12.774 Thread 0x000002e0b98b6920 Exception <a 'java/lang/ClassNotFoundException'{0x00000000a4bf48d8}: java/lang/ObjectCustomizer> (0x00000000a4bf48d8) 
thrown [s\src\hotspot\share\classfile\systemDictionary.cpp, line 256]
Event: 12.774 Thread 0x000002e0b98b6920 Exception <a 'java/lang/ClassNotFoundException'{0x00000000a4bfd458}: org/springframework/security/config/annotation/web/configuration/HttpSecurityConfigurationCustomizer> (0x00000000a4bfd458) 
thrown [s\src\hotspot\share\classfile\systemDictionary.cpp, line 256]
Event: 12.891 Thread 0x000002e0b98b6920 Exception <a 'java/lang/NoSuchMethodError'{0x00000000a4348320}: 'void java.lang.invoke.DirectMethodHandle$Holder.invokeVirtual(java.lang.Object, java.lang.Object, int)'> (0x00000000a4348320) 
thrown [s\src\hotspot\share\interpreter\linkResolver.cpp, line 759]
Event: 12.892 Thread 0x000002e0b98b6920 Exception <a 'java/lang/NoSuchMethodError'{0x00000000a4363b08}: 'void java.lang.invoke.DirectMethodHandle$Holder.invokeVirtual(java.lang.Object, java.lang.Object, long)'> (0x00000000a4363b08) 
thrown [s\src\hotspot\share\interpreter\linkResolver.cpp, line 759]
Event: 13.009 Thread 0x000002e0b98b6920 Exception <a 'java/lang/IncompatibleClassChangeError'{0x00000000a3d62780}: Found class java.lang.Object, but interface was expected> (0x00000000a3d62780) 
thrown [s\src\hotspot\share\interpreter\linkResolver.cpp, line 826]
Event: 13.035 Thread 0x000002e0b98b6920 Exception <a 'java/lang/NoSuchMethodError'{0x00000000a3cdb7b8}: 'int java.lang.invoke.DirectMethodHandle$Holder.invokeStaticInit(java.lang.Object, java.lang.Object, java.lang.Object, java.lang.Object)'> (0x00000000a3cdb7b8) 
thrown [s\src\hotspot\share\interpreter\linkResolver.cpp, line 759]
Event: 13.151 Thread 0x000002e0b98b6920 Exception <a 'java/lang/NoSuchMethodError'{0x00000000a4c198e8}: 'java.lang.Object java.lang.invoke.DirectMethodHandle$Holder.invokeSpecial(java.lang.Object, java.lang.Object, int, java.lang.Object, int, java.lang.Object)'> (0x00000000a4c198e8) 
thrown [s\src\hotspot\share\interpreter\linkResolver.cpp, line 759]
Event: 13.152 Thread 0x000002e0b98b6920 Exception <a 'java/lang/NoSuchMethodError'{0x00000000a4c216e8}: 'java.lang.Object java.lang.invoke.DirectMethodHandle$Holder.newInvokeSpecial(java.lang.Object, java.lang.Object, int, java.lang.Object, int)'> (0x00000000a4c216e8) 
thrown [s\src\hotspot\share\interpreter\linkResolver.cpp, line 759]
Event: 13.152 Thread 0x000002e0b98b6920 Exception <a 'java/lang/NoSuchMethodError'{0x00000000a4c257e8}: 'java.lang.Object java.lang.invoke.DirectMethodHandle$Holder.invokeSpecial(java.lang.Object, java.lang.Object, java.lang.Object, int, java.lang.Object, int)'> (0x00000000a4c257e8) 
thrown [s\src\hotspot\share\interpreter\linkResolver.cpp, line 759]
Event: 13.153 Thread 0x000002e0b98b6920 Exception <a 'java/lang/NoSuchMethodError'{0x00000000a4c2fdd0}: 'void java.lang.invoke.DirectMethodHandle$Holder.invokeVirtual(java.lang.Object, java.lang.Object)'> (0x00000000a4c2fdd0) 
thrown [s\src\hotspot\share\interpreter\linkResolver.cpp, line 759]
Event: 66.157 Thread 0x000002e0d417f570 Exception <a 'java/lang/NoSuchMethodError'{0x00000000a3f860f0}: 'java.lang.Object java.lang.invoke.DirectMethodHandle$Holder.invokeStatic(java.lang.Object, int, int)'> (0x00000000a3f860f0) 
thrown [s\src\hotspot\share\interpreter\linkResolver.cpp, line 759]
Event: 66.157 Thread 0x000002e0d417b210 Exception <a 'java/lang/NoSuchMethodError'{0x00000000a3f7fb58}: 'java.lang.Object java.lang.invoke.DirectMethodHandle$Holder.invokeStatic(java.lang.Object, int, int)'> (0x00000000a3f7fb58) 
thrown [s\src\hotspot\share\interpreter\linkResolver.cpp, line 759]

VM Operations (20 events):
Event: 70.238 Executing VM operation: Cleanup
Event: 70.238 Executing VM operation: Cleanup done
Event: 71.238 Executing VM operation: Cleanup
Event: 71.238 Executing VM operation: Cleanup done
Event: 195.462 Executing VM operation: Cleanup
Event: 195.462 Executing VM operation: Cleanup done
Event: 209.465 Executing VM operation: Cleanup
Event: 209.465 Executing VM operation: Cleanup done
Event: 211.466 Executing VM operation: Cleanup
Event: 211.466 Executing VM operation: Cleanup done
Event: 221.470 Executing VM operation: Cleanup
Event: 221.470 Executing VM operation: Cleanup done
Event: 271.488 Executing VM operation: Cleanup
Event: 271.488 Executing VM operation: Cleanup done
Event: 291.495 Executing VM operation: Cleanup
Event: 291.496 Executing VM operation: Cleanup done
Event: 661.640 Executing VM operation: Cleanup
Event: 661.640 Executing VM operation: Cleanup done
Event: 1544.907 Executing VM operation: Cleanup
Event: 1544.908 Executing VM operation: Cleanup done

Events (20 events):
Event: 66.224 loading class java/util/OptionalLong
Event: 66.224 loading class java/util/OptionalLong done
Event: 66.224 loading class java/util/OptionalDouble
Event: 66.224 loading class java/util/OptionalDouble done
Event: 66.228 loading class java/util/stream/LongStream
Event: 66.229 loading class java/util/stream/LongStream done
Event: 66.229 loading class java/util/stream/DoubleStream
Event: 66.229 loading class java/util/stream/DoubleStream done
Event: 66.247 loading class org/w3c/dom/Document
Event: 66.247 loading class org/w3c/dom/Document done
Event: 66.267 loading class java/util/concurrent/atomic/AtomicReferenceArray
Event: 66.267 loading class java/util/concurrent/atomic/AtomicReferenceArray done
Event: 76.143 Thread 0x000002e0d4605870 Thread exited: 0x000002e0d4605870
Event: 76.143 Thread 0x000002e0d417e700 Thread exited: 0x000002e0d417e700
Event: 80.191 Thread 0x000002e0d4e42040 Thread exited: 0x000002e0d4e42040
Event: 91.211 Thread 0x000002e0cb045460 Thread exited: 0x000002e0cb045460
Event: 92.292 Thread 0x000002e0cb307a10 Thread exited: 0x000002e0cb307a10
Event: 100.803 Thread 0x000002e0d417ad40 Thread exited: 0x000002e0d417ad40
Event: 1767.572 Thread 0x000002e0d417c080 Thread added: 0x000002e0d417c080
Event: 1767.573 Thread 0x000002e0d4179060 Thread added: 0x000002e0d4179060


Dynamic libraries:
0x00007ff790e10000 - 0x00007ff790e1d000 	C:\Users\Àðò¸ì\.jdks\corretto-17.0.6\bin\java.exe
0x00007ffeff910000 - 0x00007ffeffafd000 	C:\Windows\SYSTEM32\ntdll.dll
0x00007ffefd630000 - 0x00007ffefd6e3000 	C:\Windows\System32\KERNEL32.DLL
0x00007ffefc200000 - 0x00007ffefc493000 	C:\Windows\System32\KERNELBASE.dll
0x00007ffefc920000 - 0x00007ffefca1a000 	C:\Windows\System32\ucrtbase.dll
0x00007ffeee860000 - 0x00007ffeee875000 	C:\Users\Àðò¸ì\.jdks\corretto-17.0.6\bin\VCRUNTIME140.dll
0x00007ffeeeab0000 - 0x00007ffeeeac7000 	C:\Users\Àðò¸ì\.jdks\corretto-17.0.6\bin\jli.dll
0x00007ffeff0c0000 - 0x00007ffeff257000 	C:\Windows\System32\USER32.dll
0x00007ffefca20000 - 0x00007ffefca40000 	C:\Windows\System32\win32u.dll
0x00007ffefa9a0000 - 0x00007ffefac19000 	C:\Windows\WinSxS\amd64_microsoft.windows.common-controls_6595b64144ccf1df_6.0.17763.557_none_05b63f68071e5b9f\COMCTL32.dll
0x00007ffefcd40000 - 0x00007ffefcd69000 	C:\Windows\System32\GDI32.dll
0x00007ffefefc0000 - 0x00007ffeff05e000 	C:\Windows\System32\msvcrt.dll
0x00007ffefc6d0000 - 0x00007ffefc86a000 	C:\Windows\System32\gdi32full.dll
0x00007ffefcfe0000 - 0x00007ffefd30c000 	C:\Windows\System32\combase.dll
0x00007ffefcaa0000 - 0x00007ffefcb40000 	C:\Windows\System32\msvcp_win.dll
0x00007ffefcb40000 - 0x00007ffefcc62000 	C:\Windows\System32\RPCRT4.dll
0x00007ffefc180000 - 0x00007ffefc1fe000 	C:\Windows\System32\bcryptPrimitives.dll
0x00007ffefda90000 - 0x00007ffefdabe000 	C:\Windows\System32\IMM32.DLL
0x00007ffedb240000 - 0x00007ffedb2db000 	C:\Users\Àðò¸ì\.jdks\corretto-17.0.6\bin\msvcp140.dll
0x00007ffec45f0000 - 0x00007ffec5208000 	C:\Users\Àðò¸ì\.jdks\corretto-17.0.6\bin\server\jvm.dll
0x00007ffefd750000 - 0x00007ffefd7f3000 	C:\Windows\System32\ADVAPI32.dll
0x00007ffefcf40000 - 0x00007ffefcfde000 	C:\Windows\System32\sechost.dll
0x00007ffee3620000 - 0x00007ffee3629000 	C:\Windows\SYSTEM32\WSOCK32.dll
0x00007ffefd3f0000 - 0x00007ffefd45d000 	C:\Windows\System32\WS2_32.dll
0x00007ffefa970000 - 0x00007ffefa994000 	C:\Windows\SYSTEM32\WINMM.dll
0x00007ffeee500000 - 0x00007ffeee50a000 	C:\Windows\SYSTEM32\VERSION.dll
0x00007ffefa940000 - 0x00007ffefa96d000 	C:\Windows\SYSTEM32\WINMMBASE.dll
0x00007ffefc4a0000 - 0x00007ffefc4ea000 	C:\Windows\System32\cfgmgr32.dll
0x00007ffefb960000 - 0x00007ffefb971000 	C:\Windows\System32\kernel.appcore.dll
0x00007ffeeeaa0000 - 0x00007ffeeeaaa000 	C:\Users\Àðò¸ì\.jdks\corretto-17.0.6\bin\jimage.dll
0x00007ffee8780000 - 0x00007ffee896d000 	C:\Windows\SYSTEM32\DBGHELP.DLL
0x00007ffee8590000 - 0x00007ffee85ba000 	C:\Windows\SYSTEM32\dbgcore.DLL
0x00007ffef1940000 - 0x00007ffef194e000 	C:\Users\Àðò¸ì\.jdks\corretto-17.0.6\bin\instrument.dll
0x00007ffeee0e0000 - 0x00007ffeee105000 	C:\Users\Àðò¸ì\.jdks\corretto-17.0.6\bin\java.dll
0x00007ffecaf80000 - 0x00007ffecb056000 	C:\Users\Àðò¸ì\.jdks\corretto-17.0.6\bin\jsvml.dll
0x00007ffefdad0000 - 0x00007ffefefc0000 	C:\Windows\System32\SHELL32.dll
0x00007ffeff820000 - 0x00007ffeff8c8000 	C:\Windows\System32\shcore.dll
0x00007ffefba10000 - 0x00007ffefc15a000 	C:\Windows\System32\windows.storage.dll
0x00007ffefb910000 - 0x00007ffefb934000 	C:\Windows\System32\profapi.dll
0x00007ffefb980000 - 0x00007ffefb9dd000 	C:\Windows\System32\powrprof.dll
0x00007ffefd310000 - 0x00007ffefd362000 	C:\Windows\System32\shlwapi.dll
0x00007ffefc160000 - 0x00007ffefc177000 	C:\Windows\System32\cryptsp.dll
0x00000000581c0000 - 0x00000000581d9000 	C:\Program Files\Common Files\Crypto Pro\AppCompat\cpadvai.dll
0x00007ffeed280000 - 0x00007ffeed298000 	C:\Users\Àðò¸ì\.jdks\corretto-17.0.6\bin\zip.dll
0x00007ffeee2b0000 - 0x00007ffeee2c9000 	C:\Users\Àðò¸ì\.jdks\corretto-17.0.6\bin\net.dll
0x00007ffef0460000 - 0x00007ffef0551000 	C:\Windows\SYSTEM32\WINHTTP.dll
0x00007ffefb130000 - 0x00007ffefb197000 	C:\Windows\system32\mswsock.dll
0x00007ffeedd60000 - 0x00007ffeedd75000 	C:\Users\Àðò¸ì\.jdks\corretto-17.0.6\bin\nio.dll
0x00007ffedbfb0000 - 0x00007ffedbfca000 	C:\Program Files\JetBrains\IntelliJ IDEA 2022.3.1\bin\breakgen64.dll
0x00007ffefaed0000 - 0x00007ffefaf96000 	C:\Windows\SYSTEM32\DNSAPI.dll
0x00007ffeff260000 - 0x00007ffeff268000 	C:\Windows\System32\NSI.dll
0x00007ffefae90000 - 0x00007ffefaecd000 	C:\Windows\SYSTEM32\IPHLPAPI.DLL
0x00007ffeec9b0000 - 0x00007ffeec9ba000 	C:\Windows\System32\rasadhlp.dll
0x00007ffeed390000 - 0x00007ffeed409000 	C:\Windows\System32\fwpuclnt.dll
0x000002e0b97d0000 - 0x000002e0b97f6000 	C:\Windows\System32\bcrypt.dll
0x00007ffeee1e0000 - 0x00007ffeee1e9000 	C:\Users\Àðò¸ì\.jdks\corretto-17.0.6\bin\management.dll
0x00007ffeee1a0000 - 0x00007ffeee1ab000 	C:\Users\Àðò¸ì\.jdks\corretto-17.0.6\bin\management_ext.dll
0x00007ffeff8d0000 - 0x00007ffeff8d8000 	C:\Windows\System32\PSAPI.DLL
0x00007ffefacf0000 - 0x00007ffefad23000 	C:\Windows\system32\rsaenh.dll
0x00007ffefb840000 - 0x00007ffefb868000 	C:\Windows\SYSTEM32\USERENV.dll
0x00007ffefb300000 - 0x00007ffefb30c000 	C:\Windows\SYSTEM32\CRYPTBASE.dll
0x00007ffef1900000 - 0x00007ffef1916000 	C:\Windows\SYSTEM32\dhcpcsvc6.DLL
0x00007ffef28c0000 - 0x00007ffef28dc000 	C:\Windows\SYSTEM32\dhcpcsvc.DLL
0x00007ffedcda0000 - 0x00007ffedcdb6000 	C:\Windows\system32\napinsp.dll
0x00007ffedcd80000 - 0x00007ffedcd9a000 	C:\Windows\system32\pnrpnsp.dll
0x00007ffedcc90000 - 0x00007ffedcc9e000 	C:\Windows\System32\winrnr.dll
0x00007ffef7d50000 - 0x00007ffef7d6b000 	C:\Windows\system32\NLAapi.dll
0x00007ffedccd0000 - 0x00007ffedcce5000 	C:\Windows\system32\wshbth.dll
0x00007ffeece60000 - 0x00007ffeece70000 	C:\Users\Àðò¸ì\.jdks\corretto-17.0.6\bin\verify.dll
0x00007ffee0c50000 - 0x00007ffee0c5e000 	C:\Users\Àðò¸ì\.jdks\corretto-17.0.6\bin\sunmscapi.dll
0x00007ffefc4f0000 - 0x00007ffefc6cb000 	C:\Windows\System32\CRYPT32.dll
0x00007ffefb940000 - 0x00007ffefb952000 	C:\Windows\System32\MSASN1.dll
0x00007ffefb400000 - 0x00007ffefb426000 	C:\Windows\SYSTEM32\ncrypt.dll
0x00007ffefb3c0000 - 0x00007ffefb3fc000 	C:\Windows\SYSTEM32\NTASN1.dll
0x00000000581e0000 - 0x0000000058205000 	C:\Program Files\Common Files\Crypto Pro\AppCompat\cpcrypt.dll
0x00007ffef0d70000 - 0x00007ffef0d77000 	C:\Windows\system32\wshunix.dll

dbghelp: loaded successfully - version: 4.0.5 - missing functions: none
symbol engine: initialized successfully - sym options: 0x614 - pdb path: .;C:\Users\Àðò¸ì\.jdks\corretto-17.0.6\bin;C:\Windows\SYSTEM32;C:\Windows\WinSxS\amd64_microsoft.windows.common-controls_6595b64144ccf1df_6.0.17763.557_none_05b63f68071e5b9f;C:\Users\Àðò¸ì\.jdks\corretto-17.0.6\bin\server;C:\Program Files\Common Files\Crypto Pro\AppCompat;C:\Program Files\JetBrains\IntelliJ IDEA 2022.3.1\bin

VM Arguments:
jvm_args: -XX:TieredStopAtLevel=1 -Dspring.output.ansi.enabled=always -Dcom.sun.management.jmxremote -Dspring.jmx.enabled=true -Dspring.liveBeansView.mbeanDomain -Dspring.application.admin.enabled=true -Dmanagement.endpoints.jmx.exposure.include=* -javaagent:C:\Program Files\JetBrains\IntelliJ IDEA 2022.3.1\lib\idea_rt.jar=3259:C:\Program Files\JetBrains\IntelliJ IDEA 2022.3.1\bin -Dfile.encoding=UTF-8 
java_command: com.savenkov.pp_3_1_5_boot_security_rest.Pp315BootSecurityRestApplication
java_class_path (initial): C:\Users\Àðò¸ì\IdeaProjects\PP_3_1_5_Boot_Security_REST\target\classes;C:\Users\Àðò¸ì\AppData\Roaming\JetBrains\IntelliJIdea2022.3\javascript\extLibs\http_code.jquery.com_jquery-3.5.1.slim.js;C:\Users\Àðò¸ì\AppData\Roaming\JetBrains\IntelliJIdea2022.3\javascript\extLibs\http_cdn.jsdelivr.net_npm_popper.js@1.16.1_dist_umd_popper.js;C:\Users\Àðò¸ì\.m2\repository\org\springframework\boot\spring-boot-starter-data-jpa\2.6.2\spring-boot-starter-data-jpa-2.6.2.jar;C:\Users\Àðò¸ì\.m2\repository\org\springframework\boot\spring-boot-starter-aop\2.6.2\spring-boot-starter-aop-2.6.2.jar;C:\Users\Àðò¸ì\.m2\repository\org\aspectj\aspectjweaver\1.9.7\aspectjweaver-1.9.7.jar;C:\Users\Àðò¸ì\.m2\repository\org\springframework\boot\spring-boot-starter-jdbc\2.6.2\spring-boot-starter-jdbc-2.6.2.jar;C:\Users\Àðò¸ì\.m2\repository\com\zaxxer\HikariCP\4.0.3\HikariCP-4.0.3.jar;C:\Users\Àðò¸ì\.m2\repository\org\springframework\spring-jdbc\5.3.14\spring-jdbc-5.3.14.jar;C:\Users\Àðò¸ì\.m2\repository\jakarta\transaction\jakarta.transaction-api\1.3.3\jakarta.transaction-api-1.3.3.jar;C:\Users\Àðò¸ì\.m2\repository\jakarta\persistence\jakarta.persistence-api\2.2.3\jakarta.persistence-api-2.2.3.jar;C:\Users\Àðò¸ì\.m2\repository\org\hibernate\hibernate-core\5.6.3.Final\hibernate-core-5.6.3.Final.jar;C:\Users\Àðò¸ì\.m2\repository\org\jboss\logging\jboss-logging\3.4.2.Final\jboss-logging-3.4.2.Final.jar;C:\Users\Àðò¸ì\.m2\repository\net\bytebuddy\byte-buddy\1.11.22\byte-buddy-1.11.22.jar;C:\Users\Àðò¸ì\.m2\repository\antlr\antlr\2.7.7\antlr-2.7.7.jar;C:\Users\Àðò¸ì\.m2\repository\org\jboss\jandex\2.2.3.Final\jandex-2.2.3.Final.jar;C:\Users\Àðò¸ì\.m2\repository\com\fasterxml\classmate\1.5.1\classmate-1.5.1.jar;C:\Users\Àðò¸ì\.m2\repository\org\hibernate\common\hibernate-commons-annotations\5.1.2.Final\hibernate-commons-annotations-5.1.2.Final.jar;C:\Users\Àðò¸ì\.m2\repository\org\glassfish\jaxb\jaxb-runtime\2.3.5\jaxb-runtime-2.3.5.jar;C:\Users\Àðò¸ì\.m2\repository\org\glassf
Launcher Type: SUN_STANDARD

[Global flags]
     intx CICompilerCount                          = 3                                         {product} {ergonomic}
     uint ConcGCThreads                            = 1                                         {product} {ergonomic}
     uint G1ConcRefinementThreads                  = 4                                         {product} {ergonomic}
   size_t G1HeapRegionSize                         = 1048576                                   {product} {ergonomic}
    uintx GCDrainStackTargetSize                   = 64                                        {product} {ergonomic}
   size_t InitialHeapSize                          = 100663296                                 {product} {ergonomic}
     bool ManagementServer                         = true                                      {product} {command line}
   size_t MarkStackSize                            = 4194304                                   {product} {ergonomic}
   size_t MaxHeapSize                              = 1585446912                                {product} {ergonomic}
   size_t MaxNewSize                               = 951058432                                 {product} {ergonomic}
   size_t MinHeapDeltaBytes                        = 1048576                                   {product} {ergonomic}
   size_t MinHeapSize                              = 8388608                                   {product} {ergonomic}
    uintx NonProfiledCodeHeapSize                  = 0                                      {pd product} {ergonomic}
     bool ProfileInterpreter                       = false                                  {pd product} {command line}
    uintx ProfiledCodeHeapSize                     = 0                                      {pd product} {ergonomic}
   size_t SoftMaxHeapSize                          = 1585446912                             {manageable} {ergonomic}
     intx TieredStopAtLevel                        = 1                                         {product} {command line}
     bool UseCompressedClassPointers               = true                           {product lp64_product} {ergonomic}
     bool UseCompressedOops                        = true                           {product lp64_product} {ergonomic}
     bool UseG1GC                                  = true                                      {product} {ergonomic}
     bool UseLargePagesIndividualAllocation        = false                                  {pd product} {ergonomic}

Logging:
Log output configuration:
 #0: stdout all=warning uptime,level,tags
 #1: stderr all=off uptime,level,tags

Environment Variables:
PATH=C:\Program Files (x86)\Common Files\Intel\Shared Libraries\redist\intel64\compiler;C:\Windows\system32;C:\Windows;C:\Windows\System32\Wbem;C:\Windows\System32\WindowsPowerShell\v1.0\;C:\Windows\System32\OpenSSH\;C:\Program Files (x86)\GtkSharp\2.12\bin;C:\Program Files\Intel\WiFi\bin\;C:\Program Files\Common Files\Intel\WirelessCommon\;C:\Program Files\Git\cmd;C:\Program Files\MySQL\MySQL Shell 8.0\bin\;C:\Program Files\MySQL\MySQL Server 8.0\bin
USERNAME=Àðò¸ì
OS=Windows_NT
PROCESSOR_IDENTIFIER=Intel64 Family 6 Model 78 Stepping 3, GenuineIntel
TMP=C:\Users\12C2~1\AppData\Local\Temp
TEMP=C:\Users\12C2~1\AppData\Local\Temp



---------------  S Y S T E M  ---------------

OS:
 Windows 10 , 64 bit Build 17763 (10.0.17763.475)
OS uptime: 7 days 3:17 hours

CPU: total 4 (initial active 4) (2 cores per cpu, 2 threads per core) family 6 model 78 stepping 3 microcode 0xc2, cx8, cmov, fxsr, ht, mmx, 3dnowpref, sse, sse2, sse3, ssse3, sse4.1, sse4.2, popcnt, lzcnt, tsc, tscinvbit, avx, avx2, aes, erms, clmul, bmi1, bmi2, adx, fma, vzeroupper, clflush, clflushopt

Memory: 4k page, system-wide physical 6047M (532M free)
TotalPageFile size 10030M (AvailPageFile size 1796M)
current process WorkingSet (physical memory assigned to process): 84M, peak: 189M
current process commit charge ("private bytes"): 222M, peak: 222M

vm_info: OpenJDK 64-Bit Server VM (17.0.6+10-LTS) for windows-amd64 JRE (17.0.6+10-LTS), built on Jan 13 2023 22:57:04 by "Administrator" with MS VC++ 15.9 (VS2017)

END.
